<?xml version="1.0" encoding="utf-8"?><testsuites name="pytest tests"><testsuite name="pytest" errors="0" failures="0" skipped="0" tests="21" time="5.439" timestamp="2026-03-04T10:27:25.234503+00:00" hostname="agent-env-472b08f5-0b66-4395-b9cd-e4ab3c2c3483"><testcase classname="backend.tests.test_stammkunde_players.TestPlayerCheckEndpoint" name="test_check_nonexistent_player" time="0.210" /><testcase classname="backend.tests.test_stammkunde_players.TestPlayerCheckEndpoint" name="test_check_registered_player" time="0.147" /><testcase classname="backend.tests.test_stammkunde_players.TestPlayerCheckEndpoint" name="test_check_player_case_insensitive" time="0.102" /><testcase classname="backend.tests.test_stammkunde_players.TestPlayerRegistration" name="test_register_new_player_success" time="0.352" /><testcase classname="backend.tests.test_stammkunde_players.TestPlayerRegistration" name="test_register_with_5digit_pin" time="0.382" /><testcase classname="backend.tests.test_stammkunde_players.TestPlayerRegistration" name="test_register_with_6digit_pin" time="0.360" /><testcase classname="backend.tests.test_stammkunde_players.TestPlayerRegistration" name="test_register_reject_short_pin" time="0.115" /><testcase classname="backend.tests.test_stammkunde_players.TestPlayerRegistration" name="test_register_reject_long_pin" time="0.120" /><testcase classname="backend.tests.test_stammkunde_players.TestPlayerRegistration" name="test_register_reject_alpha_pin" time="0.103" /><testcase classname="backend.tests.test_stammkunde_players.TestPlayerRegistration" name="test_register_reject_short_nickname" time="0.121" /><testcase classname="backend.tests.test_stammkunde_players.TestPlayerRegistration" name="test_register_duplicate_registered_nickname_409" time="0.113" /><testcase classname="backend.tests.test_stammkunde_players.TestPinLogin" name="test_pin_login_success" time="0.342" /><testcase classname="backend.tests.test_stammkunde_players.TestPinLogin" name="test_pin_login_wrong_pin_401" time="0.338" /><testcase classname="backend.tests.test_stammkunde_players.TestPinLogin" name="test_pin_login_nonexistent_player_401" time="0.106" /><testcase classname="backend.tests.test_stammkunde_players.TestPinLogin" name="test_pin_login_case_insensitive" time="0.327" /><testcase classname="backend.tests.test_stammkunde_players.TestQrLogin" name="test_qr_login_invalid_token_401" time="0.110" /><testcase classname="backend.tests.test_stammkunde_players.TestQrLogin" name="test_qr_login_with_valid_token" time="0.446" /><testcase classname="backend.tests.test_stammkunde_players.TestRegisteredPlayersList" name="test_list_registered_players" time="0.108" /><testcase classname="backend.tests.test_stammkunde_players.TestEndGamePlayerStats" name="test_end_game_creates_guest_player_and_updates_stats" time="0.348" /><testcase classname="backend.tests.test_stammkunde_players.TestLeaderboardPlayerFields" name="test_leaderboard_has_registered_fields" time="0.110" /><testcase classname="backend.tests.test_stammkunde_players.TestGuestToRegisteredUpgrade" name="test_upgrade_guest_to_registered" time="0.861" /></testsuite></testsuites>