<?xml version="1.0" encoding="utf-8"?><testsuites name="pytest tests"><testsuite name="pytest" errors="0" failures="0" skipped="0" tests="8" time="2.003" timestamp="2026-03-09T11:12:55.789739+00:00" hostname="agent-env-2f1a6cd4-e139-47af-a572-33a313b5e45f"><testcase classname="backend.tests.test_update_notification.TestUpdateNotificationEndpoints" name="test_get_notification_returns_cached_data" time="0.593" /><testcase classname="backend.tests.test_update_notification.TestUpdateNotificationEndpoints" name="test_dismiss_notification_sets_dismissed_version" time="0.214" /><testcase classname="backend.tests.test_update_notification.TestUpdateNotificationEndpoints" name="test_notification_requires_auth" time="0.138" /><testcase classname="backend.tests.test_update_notification.TestUpdateNotificationEndpoints" name="test_dismiss_requires_auth" time="0.107" /><testcase classname="backend.tests.test_update_notification.TestExistingUpdateEndpoints" name="test_get_update_status" time="0.124" /><testcase classname="backend.tests.test_update_notification.TestExistingUpdateEndpoints" name="test_check_for_updates_no_repo" time="0.109" /><testcase classname="backend.tests.test_update_notification.TestBannerVisibilityLogic" name="test_banner_visibility_when_dismissed_matches" time="0.321" /><testcase classname="backend.tests.test_update_notification.TestBannerVisibilityLogic" name="test_banner_visibility_when_dismissed_differs" time="0.335" /></testsuite></testsuites>