<?xml version="1.0" encoding="utf-8"?><testsuites name="pytest tests"><testsuite name="pytest" errors="0" failures="0" skipped="0" tests="9" time="7.086" timestamp="2026-03-09T13:16:21.488138+00:00" hostname="agent-env-2f1a6cd4-e139-47af-a572-33a313b5e45f"><testcase classname="backend.tests.test_observer_fallback_flow.TestObserverFallbackFlow" name="test_session_endpoint_returns_observer_fields_when_locked" time="0.724" /><testcase classname="backend.tests.test_observer_fallback_flow.TestObserverFallbackFlow" name="test_unlock_creates_session_with_credits" time="0.583" /><testcase classname="backend.tests.test_observer_fallback_flow.TestObserverFallbackFlow" name="test_session_after_unlock_returns_observer_status" time="0.711" /><testcase classname="backend.tests.test_observer_fallback_flow.TestObserverFallbackFlow" name="test_overlay_returns_visible_true_when_unlocked" time="0.666" /><testcase classname="backend.tests.test_observer_fallback_flow.TestObserverFallbackFlow" name="test_lock_board_successfully" time="0.668" /><testcase classname="backend.tests.test_observer_fallback_flow.TestObserverFallbackFlow" name="test_session_after_lock_returns_locked_status" time="0.957" /><testcase classname="backend.tests.test_observer_fallback_flow.TestObserverFallbackFlow" name="test_end_game_returns_should_lock_false_when_credits_remain" time="0.660" /><testcase classname="backend.tests.test_observer_fallback_flow.TestObserverFallbackFlow" name="test_end_game_returns_should_lock_true_when_no_credits" time="0.771" /><testcase classname="backend.tests.test_observer_fallback_flow.TestObserverFallbackFlow" name="test_observer_reset_endpoint" time="1.279" /></testsuite></testsuites>