<?xml version="1.0" encoding="utf-8"?><testsuites name="pytest tests"><testsuite name="pytest" errors="0" failures="0" skipped="0" tests="14" time="3.298" timestamp="2026-03-04T09:54:07.829599+00:00" hostname="agent-env-5667b65a-3043-49e4-9618-627e0c39bacf"><testcase classname="backend.tests.test_p2_match_link.TestHealthAndExisting" name="test_health_endpoint" time="0.265" /><testcase classname="backend.tests.test_p2_match_link.TestHealthAndExisting" name="test_login_success" time="0.289" /><testcase classname="backend.tests.test_p2_match_link.TestHealthAndExisting" name="test_boards_list" time="0.344" /><testcase classname="backend.tests.test_p2_match_link.TestMatchCreation" name="test_create_match_result" time="0.066" /><testcase classname="backend.tests.test_p2_match_link.TestMatchCreation" name="test_create_match_minimal" time="0.061" /><testcase classname="backend.tests.test_p2_match_link.TestPublicMatchView" name="test_get_match_valid_token" time="0.116" /><testcase classname="backend.tests.test_p2_match_link.TestPublicMatchView" name="test_get_match_known_token" time="0.048" /><testcase classname="backend.tests.test_p2_match_link.TestPublicMatchView" name="test_get_match_invalid_token" time="0.054" /><testcase classname="backend.tests.test_p2_match_link.TestPublicMatchView" name="test_get_match_short_token" time="0.051" /><testcase classname="backend.tests.test_p2_match_link.TestKioskEndGame" name="test_end_game_returns_match_token" time="0.279" /><testcase classname="backend.tests.test_p2_match_link.TestRateLimiting" name="test_rate_limit_not_triggered_under_limit" time="0.321" /><testcase classname="backend.tests.test_p2_match_link.TestRateLimiting" name="test_rate_limit_triggers_after_20_requests" time="1.193" /><testcase classname="backend.tests.test_p2_match_link.TestAdminPages" name="test_system_info" time="0.050" /><testcase classname="backend.tests.test_p2_match_link.TestAdminPages" name="test_discovery_agents" time="0.053" /></testsuite></testsuites>