<?xml version="1.0" encoding="utf-8"?><testsuites name="pytest tests"><testsuite name="pytest" errors="0" failures="0" skipped="0" tests="15" time="4.933" timestamp="2026-03-09T10:58:55.706584+00:00" hostname="agent-env-2f1a6cd4-e139-47af-a572-33a313b5e45f"><testcase classname="tests.test_iteration15_features.TestUpdateEndpoints" name="test_updates_check_structure" time="0.564" /><testcase classname="tests.test_iteration15_features.TestUpdateEndpoints" name="test_updates_status_returns_correct_structure" time="0.444" /><testcase classname="tests.test_iteration15_features.TestUpdateEndpoints" name="test_updates_history_returns_persisted_history" time="0.437" /><testcase classname="tests.test_iteration15_features.TestUpdateEndpoints" name="test_updates_downloads_returns_assets_list" time="0.456" /><testcase classname="tests.test_iteration15_features.TestUpdateEndpoints" name="test_updates_prepare_creates_backup_and_returns_correct_structure" time="0.438" /><testcase classname="tests.test_iteration15_features.TestHealthMonitorRefactored" name="test_health_detailed_returns_observer_metrics" time="0.423" /><testcase classname="tests.test_iteration15_features.TestDiscoveryEnhancements" name="test_discovery_agents_returns_stats" time="0.436" /><testcase classname="tests.test_iteration15_features.TestDiscoveryEnhancements" name="test_discovery_stats_returns_detailed_stats" time="0.439" /><testcase classname="tests.test_iteration15_features.TestDiscoveryEnhancements" name="test_discovery_rescan_increments_scan_count" time="0.535" /><testcase classname="tests.test_iteration15_features.TestAuthRequirements" name="test_updates_check_requires_auth" time="0.098" /><testcase classname="tests.test_iteration15_features.TestAuthRequirements" name="test_updates_status_requires_auth" time="0.094" /><testcase classname="tests.test_iteration15_features.TestAuthRequirements" name="test_health_detailed_requires_auth" time="0.097" /><testcase classname="tests.test_iteration15_features.TestAuthRequirements" name="test_discovery_agents_requires_auth" time="0.095" /><testcase classname="tests.test_iteration15_features.TestAuthRequirements" name="test_discovery_stats_requires_auth" time="0.099" /><testcase classname="tests.test_iteration15_features.TestAuthRequirements" name="test_discovery_rescan_requires_auth" time="0.141" /></testsuite></testsuites>