<?xml version="1.0" encoding="utf-8"?><testsuites name="pytest tests"><testsuite name="pytest" errors="0" failures="0" skipped="0" tests="23" time="8.014" timestamp="2026-03-09T15:22:06.619917+00:00" hostname="agent-env-2f1a6cd4-e139-47af-a572-33a313b5e45f"><testcase classname="backend.tests.test_iteration24_profile_extensions.TestCodeVerification" name="test_observer_ignore_default_args_has_disable_extensions" time="0.001" /><testcase classname="backend.tests.test_iteration24_profile_extensions.TestCodeVerification" name="test_observer_ignore_default_args_has_component_extensions" time="0.000" /><testcase classname="backend.tests.test_iteration24_profile_extensions.TestCodeVerification" name="test_observer_ignore_default_args_has_enable_automation" time="0.000" /><testcase classname="backend.tests.test_iteration24_profile_extensions.TestCodeVerification" name="test_observer_chrome_args_no_disable_default_apps" time="0.000" /><testcase classname="backend.tests.test_iteration24_profile_extensions.TestCodeVerification" name="test_observer_chrome_args_no_disable_sync" time="0.000" /><testcase classname="backend.tests.test_iteration24_profile_extensions.TestCodeVerification" name="test_observer_has_profile_content_logging" time="0.000" /><testcase classname="backend.tests.test_iteration24_profile_extensions.TestCodeVerification" name="test_window_manager_has_retry_logic" time="0.000" /><testcase classname="backend.tests.test_iteration24_profile_extensions.TestCodeVerification" name="test_window_manager_has_retry_loop" time="0.000" /><testcase classname="backend.tests.test_iteration24_profile_extensions.TestReleasePackage" name="test_setup_profile_bat_exists_in_source" time="0.000" /><testcase classname="backend.tests.test_iteration24_profile_extensions.TestReleasePackage" name="test_setup_profile_bat_exists_in_release" time="0.000" /><testcase classname="backend.tests.test_iteration24_profile_extensions.TestReleasePackage" name="test_setup_profile_bat_has_correct_content" time="0.000" /><testcase classname="backend.tests.test_iteration24_profile_extensions.TestHealthAndAuth" name="test_health_endpoint" time="0.254" /><testcase classname="backend.tests.test_iteration24_profile_extensions.TestHealthAndAuth" name="test_admin_login" time="0.350" /><testcase classname="backend.tests.test_iteration24_profile_extensions.TestCreditLifecycle" name="test_lock_board_first" time="0.985" /><testcase classname="backend.tests.test_iteration24_profile_extensions.TestCreditLifecycle" name="test_unlock_board_with_credits" time="0.168" /><testcase classname="backend.tests.test_iteration24_profile_extensions.TestCreditLifecycle" name="test_simulate_game_start_decrements_credit" time="0.534" /><testcase classname="backend.tests.test_iteration24_profile_extensions.TestCreditLifecycle" name="test_simulate_game_end_stays_unlocked" time="0.566" /><testcase classname="backend.tests.test_iteration24_profile_extensions.TestCreditLifecycle" name="test_game2_abort_stays_unlocked" time="1.094" /><testcase classname="backend.tests.test_iteration24_profile_extensions.TestCreditLifecycle" name="test_game3_finish_auto_locks" time="1.354" /><testcase classname="backend.tests.test_iteration24_profile_extensions.TestCreditLifecycle" name="test_overlay_hidden_when_locked" time="0.118" /><testcase classname="backend.tests.test_iteration24_profile_extensions.TestAbortAutoLock" name="test_setup_single_credit_session" time="0.538" /><testcase classname="backend.tests.test_iteration24_profile_extensions.TestAbortAutoLock" name="test_abort_last_game_auto_locks" time="1.276" /><testcase classname="backend.tests.test_iteration24_profile_extensions.TestLockEndpoint" name="test_lock_works_correctly" time="0.653" /></testsuite></testsuites>