<?xml version="1.0" encoding="utf-8"?><testsuites name="pytest tests"><testsuite name="pytest" errors="0" failures="1" skipped="0" tests="32" time="14.828" timestamp="2026-03-04T00:34:49.159187+00:00" hostname="agent-env-5667b65a-3043-49e4-9618-627e0c39bacf"><testcase classname="backend.tests.test_refactored_api.TestHealth" name="test_health_endpoint" time="0.208" /><testcase classname="backend.tests.test_refactored_api.TestHealth" name="test_root_endpoint" time="0.162" /><testcase classname="backend.tests.test_refactored_api.TestAuth" name="test_login_with_admin_credentials" time="0.387" /><testcase classname="backend.tests.test_refactored_api.TestAuth" name="test_pin_login_with_1234" time="0.352" /><testcase classname="backend.tests.test_refactored_api.TestAuth" name="test_get_current_user" time="0.459" /><testcase classname="backend.tests.test_refactored_api.TestAuth" name="test_invalid_login" time="0.121" /><testcase classname="backend.tests.test_refactored_api.TestAuth" name="test_invalid_pin" time="0.599" /><testcase classname="backend.tests.test_refactored_api.TestUsers" name="test_get_users_list" time="0.453" /><testcase classname="backend.tests.test_refactored_api.TestUsers" name="test_get_users_without_auth_fails" time="0.444" /><testcase classname="backend.tests.test_refactored_api.TestBoards" name="test_get_boards_list" time="0.498" /><testcase classname="backend.tests.test_refactored_api.TestBoards" name="test_get_board_detail" time="0.459" /><testcase classname="backend.tests.test_refactored_api.TestBoards" name="test_get_board_not_found" time="0.468" /><testcase classname="backend.tests.test_refactored_api.TestBoardSessions" name="test_unlock_board_creates_session" time="0.621" /><testcase classname="backend.tests.test_refactored_api.TestBoardSessions" name="test_extend_session" time="0.893" /><testcase classname="backend.tests.test_refactored_api.TestBoardSessions" name="test_lock_board_cancels_session" time="0.745" /><testcase classname="backend.tests.test_refactored_api.TestKiosk" name="test_start_game" time="0.712" /><testcase classname="backend.tests.test_refactored_api.TestKiosk" name="test_end_game" time="0.834" /><testcase classname="backend.tests.test_refactored_api.TestKiosk" name="test_call_staff" time="0.672" /><testcase classname="backend.tests.test_refactored_api.TestSettings" name="test_get_branding" time="0.113" /><testcase classname="backend.tests.test_refactored_api.TestSettings" name="test_get_pricing" time="0.133" /><testcase classname="backend.tests.test_refactored_api.TestSettings" name="test_get_palettes" time="0.117"><failure message="AssertionError: assert False&#10; +  where False = isinstance([{'colors': {'accent': '#ef4444', 'bg': '#09090b', 'primary': '#f59e0b', 'secondary': '#ffffff', ...}, 'id': 'industrial', 'name': 'Industrial'}, {'colors': {'accent': '#8b5cf6', 'bg': '#0f172a', 'primary': '#3b82f6', 'secondary': '#e2e8f0', ...}, 'id': 'midnight', 'name': 'Midnight'}, {'colors': {'accent': '#f59e0b', 'bg': '#0c0f0a', 'primary': '#22c55e', 'secondary': '#d1fae5', ...}, 'id': 'forest', 'name': 'Forest'}, {'colors': {'accent': '#f59e0b', 'bg': '#0a0506', 'primary': '#dc2626', 'secondary': '#fecaca', ...}, 'id': 'crimson', 'name': 'Crimson'}, {'colors': {'accent': '#f472b6', 'bg': '#0a1628', 'primary': '#06b6d4', 'secondary': '#cffafe', ...}, 'id': 'ocean', 'name': 'Ocean'}, {'colors': {'accent': '#ec4899', 'bg': '#1a0a0a', 'primary': '#f97316', 'secondary': '#fef3c7', ...}, 'id': 'sunset', 'name': 'Sunset'}, ...], dict)">backend/tests/test_refactored_api.py:340: in test_get_palettes
    assert isinstance(data, dict)
E   AssertionError: assert False
E    +  where False = isinstance([{'colors': {'accent': '#ef4444', 'bg': '#09090b', 'primary': '#f59e0b', 'secondary': '#ffffff', ...}, 'id': 'industrial', 'name': 'Industrial'}, {'colors': {'accent': '#8b5cf6', 'bg': '#0f172a', 'primary': '#3b82f6', 'secondary': '#e2e8f0', ...}, 'id': 'midnight', 'name': 'Midnight'}, {'colors': {'accent': '#f59e0b', 'bg': '#0c0f0a', 'primary': '#22c55e', 'secondary': '#d1fae5', ...}, 'id': 'forest', 'name': 'Forest'}, {'colors': {'accent': '#f59e0b', 'bg': '#0a0506', 'primary': '#dc2626', 'secondary': '#fecaca', ...}, 'id': 'crimson', 'name': 'Crimson'}, {'colors': {'accent': '#f472b6', 'bg': '#0a1628', 'primary': '#06b6d4', 'secondary': '#cffafe', ...}, 'id': 'ocean', 'name': 'Ocean'}, {'colors': {'accent': '#ec4899', 'bg': '#1a0a0a', 'primary': '#f97316', 'secondary': '#fef3c7', ...}, 'id': 'sunset', 'name': 'Sunset'}, ...], dict)</failure></testcase><testcase classname="backend.tests.test_refactored_api.TestAdminEndpoints" name="test_get_audit_logs" time="0.473" /><testcase classname="backend.tests.test_refactored_api.TestAdminEndpoints" name="test_get_revenue_summary" time="0.481" /><testcase classname="backend.tests.test_refactored_api.TestAdminEndpoints" name="test_get_detailed_health" time="0.438" /><testcase classname="backend.tests.test_refactored_api.TestAdminEndpoints" name="test_get_setup_status" time="0.911" /><testcase classname="backend.tests.test_refactored_api.TestAdminEndpoints" name="test_get_system_info" time="0.472" /><testcase classname="backend.tests.test_refactored_api.TestAdminEndpoints" name="test_get_system_logs" time="0.443" /><testcase classname="backend.tests.test_refactored_api.TestBackups" name="test_get_backups_list" time="0.473" /><testcase classname="backend.tests.test_refactored_api.TestBackups" name="test_create_backup" time="0.468" /><testcase classname="backend.tests.test_refactored_api.TestUpdates" name="test_get_updates_status" time="0.552" /><testcase classname="backend.tests.test_refactored_api.TestAgent" name="test_agent_health" time="0.104" /><testcase classname="backend.tests.test_refactored_api.TestCleanup" name="test_cleanup_lock_board" time="0.441" /></testsuite></testsuites>