<?xml version="1.0" encoding="utf-8"?><testsuites name="pytest tests"><testsuite name="pytest" errors="0" failures="0" skipped="0" tests="9" time="21.091" timestamp="2026-03-09T14:11:47.654392+00:00" hostname="agent-env-2f1a6cd4-e139-47af-a572-33a313b5e45f"><testcase classname="backend.tests.test_iteration21_observer_kiosk.TestSessionEndpointObserverFields" name="test_session_endpoint_returns_all_observer_fields" time="0.245" /><testcase classname="backend.tests.test_iteration21_observer_kiosk.TestOverlayEndpoint" name="test_overlay_returns_visible_false_when_locked" time="0.787" /><testcase classname="backend.tests.test_iteration21_observer_kiosk.TestUnlockSessionOverlayFlow" name="test_unlock_creates_session_and_overlay_becomes_visible" time="2.885" /><testcase classname="backend.tests.test_iteration21_observer_kiosk.TestSimulateGameStartCredits" name="test_simulate_game_start_decrements_credits" time="2.551" /><testcase classname="backend.tests.test_iteration21_observer_kiosk.TestSimulateGameEnd" name="test_simulate_game_end_handles_completion" time="3.165" /><testcase classname="backend.tests.test_iteration21_observer_kiosk.TestSimulateGameEnd" name="test_simulate_game_end_locks_board_when_credits_exhausted" time="3.721" /><testcase classname="backend.tests.test_iteration21_observer_kiosk.TestObserverReset" name="test_observer_reset_attempts_restart" time="2.124" /><testcase classname="backend.tests.test_iteration21_observer_kiosk.TestBoardLockClosesObserver" name="test_lock_closes_session_and_observer" time="2.839" /><testcase classname="backend.tests.test_iteration21_observer_kiosk.TestOverlayHidesWhenLocked" name="test_overlay_hides_when_locked_shows_when_unlocked" time="2.664" /></testsuite></testsuites>