<?xml version="1.0" encoding="utf-8"?><testsuites name="pytest tests"><testsuite name="pytest" errors="0" failures="0" skipped="0" tests="23" time="9.397" timestamp="2026-03-03T23:54:22.835140+00:00" hostname="agent-env-5667b65a-3043-49e4-9618-627e0c39bacf"><testcase classname="backend.tests.test_phase4_system.TestAuth" name="test_admin_login_success" time="0.400" /><testcase classname="backend.tests.test_phase4_system.TestAuth" name="test_pin_login_success" time="0.347" /><testcase classname="backend.tests.test_phase4_system.TestAuth" name="test_login_invalid_credentials" time="0.329" /><testcase classname="backend.tests.test_phase4_system.TestSystemInfo" name="test_system_info_returns_version" time="0.447" /><testcase classname="backend.tests.test_phase4_system.TestSystemInfo" name="test_system_info_returns_uptime" time="0.465" /><testcase classname="backend.tests.test_phase4_system.TestSystemInfo" name="test_system_info_returns_disk" time="0.469" /><testcase classname="backend.tests.test_phase4_system.TestSystemInfo" name="test_system_info_returns_mode" time="0.490" /><testcase classname="backend.tests.test_phase4_system.TestSystemInfo" name="test_system_info_returns_hostname" time="0.465" /><testcase classname="backend.tests.test_phase4_system.TestSystemInfo" name="test_system_info_requires_auth" time="0.106" /><testcase classname="backend.tests.test_phase4_system.TestSystemInfo" name="test_system_info_full_structure" time="0.431" /><testcase classname="backend.tests.test_phase4_system.TestSystemLogs" name="test_system_logs_returns_lines" time="0.460" /><testcase classname="backend.tests.test_phase4_system.TestSystemLogs" name="test_system_logs_respects_lines_param" time="0.503" /><testcase classname="backend.tests.test_phase4_system.TestSystemLogs" name="test_system_logs_requires_auth" time="0.147" /><testcase classname="backend.tests.test_phase4_system.TestSystemLogsBundle" name="test_logs_bundle_returns_gzip" time="0.500" /><testcase classname="backend.tests.test_phase4_system.TestSystemLogsBundle" name="test_logs_bundle_has_disposition_header" time="0.470" /><testcase classname="backend.tests.test_phase4_system.TestSystemLogsBundle" name="test_logs_bundle_requires_auth" time="0.146" /><testcase classname="backend.tests.test_phase4_system.TestExistingAPIsRegression" name="test_health_endpoint" time="0.120" /><testcase classname="backend.tests.test_phase4_system.TestExistingAPIsRegression" name="test_boards_list" time="0.451" /><testcase classname="backend.tests.test_phase4_system.TestExistingAPIsRegression" name="test_backups_list" time="0.455" /><testcase classname="backend.tests.test_phase4_system.TestExistingAPIsRegression" name="test_setup_status" time="0.563" /><testcase classname="backend.tests.test_phase4_system.TestExistingAPIsRegression" name="test_updates_status" time="0.460" /><testcase classname="backend.tests.test_phase4_system.TestBackupOperations" name="test_backup_create" time="0.474" /><testcase classname="backend.tests.test_phase4_system.TestBackupOperations" name="test_backup_list_after_create" time="0.574" /></testsuite></testsuites>