<?xml version="1.0" encoding="utf-8"?><testsuites name="pytest tests"><testsuite name="pytest" errors="0" failures="0" skipped="0" tests="15" time="12.542" timestamp="2026-03-09T15:13:42.186908+00:00" hostname="agent-env-2f1a6cd4-e139-47af-a572-33a313b5e45f"><testcase classname="backend.tests.test_iteration23_session_end_logic.TestSessionEndLogicFix" name="test_single_credit_finish_auto_locks" time="1.676" /><testcase classname="backend.tests.test_iteration23_session_end_logic.TestSessionEndLogicFix" name="test_single_credit_abort_auto_locks" time="1.312" /><testcase classname="backend.tests.test_iteration23_session_end_logic.TestSessionEndLogicFix" name="test_multi_credit_mixed_games_auto_locks_on_last" time="2.209" /><testcase classname="backend.tests.test_iteration23_session_end_logic.TestSessionEndLogicFix" name="test_multi_credit_abort_last_game_auto_locks" time="1.574" /><testcase classname="backend.tests.test_iteration23_session_end_logic.TestSessionEndLogicFix" name="test_overlay_visible_when_unlocked_active" time="0.808" /><testcase classname="backend.tests.test_iteration23_session_end_logic.TestSessionEndLogicFix" name="test_overlay_hidden_when_locked" time="0.891" /><testcase classname="backend.tests.test_iteration23_session_end_logic.TestSessionEndLogicFix" name="test_overlay_hidden_after_auto_lock" time="1.139" /><testcase classname="backend.tests.test_iteration23_session_end_logic.TestSessionEndLogicFix" name="test_simulate_game_abort_endpoint_exists" time="1.024" /><testcase classname="backend.tests.test_iteration23_session_end_logic.TestSessionEndLogicFix" name="test_credits_path_3_to_0_across_3_games" time="1.818" /><testcase classname="backend.tests.test_iteration23_session_end_logic.TestObserverCodeVerification" name="test_observer_has_abort_handler_in_loop" time="0.000" /><testcase classname="backend.tests.test_iteration23_session_end_logic.TestObserverCodeVerification" name="test_observer_uses_unified_on_game_ended" time="0.000" /><testcase classname="backend.tests.test_iteration23_session_end_logic.TestObserverCodeVerification" name="test_kiosk_has_safe_close_observer" time="0.000" /><testcase classname="backend.tests.test_iteration23_session_end_logic.TestObserverCodeVerification" name="test_on_game_ended_handles_all_scenarios" time="0.000" /><testcase classname="backend.tests.test_iteration23_session_end_logic.TestSessionEndLogging" name="test_logging_keywords_exist_in_kiosk" time="0.000" /><testcase classname="backend.tests.test_iteration23_session_end_logic.TestSessionEndLogging" name="test_logging_keywords_exist_in_observer" time="0.000" /></testsuite></testsuites>