<?xml version="1.0" encoding="utf-8"?><testsuites name="pytest tests"><testsuite name="pytest" errors="0" failures="0" skipped="0" tests="15" time="4.289" timestamp="2026-03-04T10:46:26.123296+00:00" hostname="agent-env-472b08f5-0b66-4395-b9cd-e4ab3c2c3483"><testcase classname="backend.tests.test_stammkunde_display_and_palettes.TestTopRegisteredAPI" name="test_top_registered_returns_only_registered_players" time="0.212" /><testcase classname="backend.tests.test_stammkunde_display_and_palettes.TestTopRegisteredAPI" name="test_top_registered_includes_stats" time="0.106" /><testcase classname="backend.tests.test_stammkunde_display_and_palettes.TestTopRegisteredAPI" name="test_top_registered_caching" time="0.204" /><testcase classname="backend.tests.test_stammkunde_display_and_palettes.TestTopRegisteredAPI" name="test_top_registered_period_parameter" time="0.319" /><testcase classname="backend.tests.test_stammkunde_display_and_palettes.TestStammkundeDisplaySettings" name="test_get_stammkunde_display_default" time="0.139" /><testcase classname="backend.tests.test_stammkunde_display_and_palettes.TestStammkundeDisplaySettings" name="test_put_stammkunde_display_toggle_enabled" time="0.469" /><testcase classname="backend.tests.test_stammkunde_display_and_palettes.TestStammkundeDisplaySettings" name="test_put_stammkunde_display_update_period" time="0.517" /><testcase classname="backend.tests.test_stammkunde_display_and_palettes.TestStammkundeDisplaySettings" name="test_put_stammkunde_display_all_fields" time="0.484" /><testcase classname="backend.tests.test_stammkunde_display_and_palettes.TestCustomPaletteAPI" name="test_get_palettes_returns_default_palettes" time="0.108" /><testcase classname="backend.tests.test_stammkunde_display_and_palettes.TestCustomPaletteAPI" name="test_put_palettes_add_custom_palette" time="0.428" /><testcase classname="backend.tests.test_stammkunde_display_and_palettes.TestCustomPaletteAPI" name="test_put_palettes_preserves_default_palettes" time="0.456" /><testcase classname="backend.tests.test_stammkunde_display_and_palettes.TestCustomPaletteAPI" name="test_get_palettes_includes_custom" time="0.101" /><testcase classname="backend.tests.test_stammkunde_display_and_palettes.TestCustomPaletteAPI" name="test_put_palettes_delete_custom" time="0.460" /><testcase classname="backend.tests.test_stammkunde_display_and_palettes.TestSettingsEndpointAuth" name="test_put_stammkunde_display_requires_auth" time="0.113" /><testcase classname="backend.tests.test_stammkunde_display_and_palettes.TestSettingsEndpointAuth" name="test_put_palettes_requires_auth" time="0.105" /></testsuite></testsuites>