<?xml version="1.0" encoding="utf-8"?><testsuites name="pytest tests"><testsuite name="pytest" errors="0" failures="0" skipped="0" tests="11" time="1.276" timestamp="2026-03-09T09:58:09.475365+00:00" hostname="agent-env-2f1a6cd4-e139-47af-a572-33a313b5e45f"><testcase classname="backend.tests.test_iteration14_features.TestUpdatesEndpoints" name="test_updates_check_returns_configured_false_when_no_repo" time="0.405" /><testcase classname="backend.tests.test_iteration14_features.TestUpdatesEndpoints" name="test_updates_status_returns_version_info" time="0.053" /><testcase classname="backend.tests.test_iteration14_features.TestUpdatesEndpoints" name="test_updates_check_requires_auth" time="0.052" /><testcase classname="backend.tests.test_iteration14_features.TestUpdatesEndpoints" name="test_updates_status_requires_auth" time="0.048" /><testcase classname="backend.tests.test_iteration14_features.TestLockscreenQrEndpoints" name="test_get_lockscreen_qr_returns_default_config" time="0.051" /><testcase classname="backend.tests.test_iteration14_features.TestLockscreenQrEndpoints" name="test_put_lockscreen_qr_enables_and_persists" time="0.104" /><testcase classname="backend.tests.test_iteration14_features.TestLockscreenQrEndpoints" name="test_put_lockscreen_qr_requires_auth" time="0.049" /><testcase classname="backend.tests.test_iteration14_features.TestSystemBaseUrlEndpoint" name="test_base_url_returns_valid_url" time="0.059" /><testcase classname="backend.tests.test_iteration14_features.TestSystemBaseUrlEndpoint" name="test_base_url_not_localhost_in_preview" time="0.049" /><testcase classname="backend.tests.test_iteration14_features.TestPublicLeaderboardAccess" name="test_public_leaderboard_api_no_auth" time="0.059" /><testcase classname="backend.tests.test_iteration14_features.TestAdminPassword" name="test_admin_login_with_admin12345" time="0.279" /></testsuite></testsuites>