<?xml version="1.0" encoding="utf-8"?><testsuites name="pytest tests"><testsuite name="pytest" errors="0" failures="3" skipped="0" tests="11" time="3.603" timestamp="2026-03-06T14:55:23.946741+00:00" hostname="agent-env-2f1a6cd4-e139-47af-a572-33a313b5e45f"><testcase classname="backend.tests.test_autodarts_integration.TestAutodartsIntegration" name="test_start_game_no_session_returns_400" time="0.228" /><testcase classname="backend.tests.test_autodarts_integration.TestAutodartsIntegration" name="test_start_game_without_autodarts_url" time="0.736"><failure message="AssertionError: Start game failed: {&quot;detail&quot;:&quot;No credits remaining&quot;}&#10;assert 400 == 200&#10; +  where 400 = &lt;Response [400]&gt;.status_code">backend/tests/test_autodarts_integration.py:73: in test_start_game_without_autodarts_url
    assert start_response.status_code == 200, f"Start game failed: {start_response.text}"
E   AssertionError: Start game failed: {"detail":"No credits remaining"}
E   assert 400 == 200
E    +  where 400 = &lt;Response [400]&gt;.status_code</failure></testcase><testcase classname="backend.tests.test_autodarts_integration.TestAutodartsIntegration" name="test_start_game_with_autodarts_url" time="0.283"><failure message="AssertionError: assert None == 'https://play.autodarts.io/test-board'&#10; +  where None = &lt;built-in method get of dict object at 0xfcbe042ce280&gt;('autodarts_target_url')&#10; +    where &lt;built-in method get of dict object at 0xfcbe042ce280&gt; = {'active_session': {'board_id': '5c6b8e7d-584e-4f5a-8669-acff6c308e87', 'credits_remaining': 0, 'credits_total': 0, 'ended_at': None, ...}, 'board': {'board_id': 'BOARD-1', 'created_at': '2026-03-03T22:37:45.219233', 'id': '5c6b8e7d-584e-4f5a-8669-acff6c308e87', 'is_master': True, ...}}.get">backend/tests/test_autodarts_integration.py:104: in test_start_game_with_autodarts_url
    assert board_data.get("autodarts_target_url") == "https://play.autodarts.io/test-board"
E   AssertionError: assert None == 'https://play.autodarts.io/test-board'
E    +  where None = &lt;built-in method get of dict object at 0xfcbe042ce280&gt;('autodarts_target_url')
E    +    where &lt;built-in method get of dict object at 0xfcbe042ce280&gt; = {'active_session': {'board_id': '5c6b8e7d-584e-4f5a-8669-acff6c308e87', 'credits_remaining': 0, 'credits_total': 0, 'ended_at': None, ...}, 'board': {'board_id': 'BOARD-1', 'created_at': '2026-03-03T22:37:45.219233', 'id': '5c6b8e7d-584e-4f5a-8669-acff6c308e87', 'is_master': True, ...}}.get</failure></testcase><testcase classname="backend.tests.test_autodarts_integration.TestAutodartsIntegration" name="test_autodarts_status_endpoint" time="0.101" /><testcase classname="backend.tests.test_autodarts_integration.TestAutodartsIntegration" name="test_autodarts_reset_endpoint" time="0.120" /><testcase classname="backend.tests.test_autodarts_integration.TestAutodartsIntegration" name="test_end_game_creates_match_result" time="0.228"><failure message="AssertionError: Unlock failed: {&quot;detail&quot;:&quot;Board already has an active session&quot;}&#10;assert 400 == 200&#10; +  where 400 = &lt;Response [400]&gt;.status_code">backend/tests/test_autodarts_integration.py:183: in test_end_game_creates_match_result
    assert unlock_response.status_code == 200, f"Unlock failed: {unlock_response.text}"
E   AssertionError: Unlock failed: {"detail":"Board already has an active session"}
E   assert 400 == 200
E    +  where 400 = &lt;Response [400]&gt;.status_code</failure></testcase><testcase classname="backend.tests.test_autodarts_integration.TestAutodartsIntegration" name="test_start_game_nonexistent_board" time="0.109" /><testcase classname="backend.tests.test_autodarts_integration.TestAutodartsIntegration" name="test_autodarts_status_untriggered_board" time="0.108" /><testcase classname="backend.tests.test_autodarts_integration.TestCORSAndLANAccess" name="test_cors_headers_present" time="0.186" /><testcase classname="backend.tests.test_autodarts_integration.TestCORSAndLANAccess" name="test_api_accessible_from_different_origins" time="0.115" /><testcase classname="backend.tests.test_autodarts_integration.TestLogging" name="test_start_game_logs_present" time="1.250" /></testsuite></testsuites>