<?xml version="1.0" encoding="utf-8"?><testsuites name="pytest tests"><testsuite name="pytest" errors="0" failures="0" skipped="0" tests="16" time="4.410" timestamp="2026-03-04T09:39:25.166342+00:00" hostname="agent-env-5667b65a-3043-49e4-9618-627e0c39bacf"><testcase classname="tests.test_p1_discovery_api.TestHealth" name="test_health_returns_healthy_master" time="0.261" /><testcase classname="tests.test_p1_discovery_api.TestAuth" name="test_login_admin" time="0.376" /><testcase classname="tests.test_p1_discovery_api.TestAuth" name="test_login_invalid_returns_401" time="0.116" /><testcase classname="tests.test_p1_discovery_api.TestPairingCode" name="test_get_pairing_code" time="0.115" /><testcase classname="tests.test_p1_discovery_api.TestPairingCode" name="test_pairing_code_is_stable" time="0.228" /><testcase classname="tests.test_p1_discovery_api.TestPairingVerify" name="test_verify_wrong_code_403" time="0.119" /><testcase classname="tests.test_p1_discovery_api.TestPairingVerify" name="test_verify_correct_code_returns_nonce" time="0.215" /><testcase classname="tests.test_p1_discovery_api.TestPairingComplete" name="test_complete_invalid_challenge_403" time="0.099" /><testcase classname="tests.test_p1_discovery_api.TestPairingComplete" name="test_complete_with_wrong_signature_403" time="0.342" /><testcase classname="tests.test_p1_discovery_api.TestDiscoveryAgents" name="test_discovery_agents_requires_auth" time="0.102" /><testcase classname="tests.test_p1_discovery_api.TestDiscoveryAgents" name="test_discovery_agents_returns_list" time="0.455" /><testcase classname="tests.test_p1_discovery_api.TestDiscoveryPeers" name="test_discovery_peers_requires_auth" time="0.104" /><testcase classname="tests.test_p1_discovery_api.TestDiscoveryPeers" name="test_discovery_peers_returns_list" time="0.456" /><testcase classname="tests.test_p1_discovery_api.TestUnpairPeer" name="test_unpair_nonexistent_peer_404" time="0.438" /><testcase classname="tests.test_p1_discovery_api.TestExistingAPIs" name="test_boards_endpoint" time="0.447" /><testcase classname="tests.test_p1_discovery_api.TestExistingAPIs" name="test_system_info_endpoint" time="0.437" /></testsuite></testsuites>