<?xml version="1.0" encoding="utf-8"?><testsuites name="pytest tests"><testsuite name="pytest" errors="0" failures="0" skipped="0" tests="11" time="3.260" timestamp="2026-03-09T16:59:29.435681+00:00" hostname="agent-env-2f1a6cd4-e139-47af-a572-33a313b5e45f"><testcase classname="backend.tests.test_iteration26_round_transition.TestRoundTransitionUnitTests" name="test_round_transition_enum_exists" time="0.432" /><testcase classname="backend.tests.test_iteration26_round_transition.TestRoundTransitionUnitTests" name="test_all_seven_states_exist" time="0.000" /><testcase classname="backend.tests.test_iteration26_round_transition.TestObserverStatusEndpoint" name="test_observer_status_returns_200" time="0.149" /><testcase classname="backend.tests.test_iteration26_round_transition.TestObserverStatusEndpoint" name="test_observer_status_has_state_field" time="0.117" /><testcase classname="backend.tests.test_iteration26_round_transition.TestObserverStatusEndpoint" name="test_observer_status_has_required_fields" time="0.126" /><testcase classname="backend.tests.test_iteration26_round_transition.TestSimulateEndpoints" name="test_simulate_game_start_requires_admin" time="0.127" /><testcase classname="backend.tests.test_iteration26_round_transition.TestSimulateEndpoints" name="test_simulate_game_start_with_admin" time="0.315" /><testcase classname="backend.tests.test_iteration26_round_transition.TestSimulateEndpoints" name="test_simulate_game_end_with_admin" time="0.148" /><testcase classname="backend.tests.test_iteration26_round_transition.TestSimulateEndpoints" name="test_simulate_game_abort_with_admin" time="0.372" /><testcase classname="backend.tests.test_iteration26_round_transition.TestGameLifecycle" name="test_full_lifecycle_start_end" time="0.666" /><testcase classname="backend.tests.test_iteration26_round_transition.TestGameLifecycle" name="test_full_lifecycle_start_abort" time="0.749" /></testsuite></testsuites>