<?xml version="1.0" encoding="utf-8"?><testsuites name="pytest tests"><testsuite name="pytest" errors="0" failures="3" skipped="0" tests="19" time="7.836" timestamp="2026-03-04T00:16:57.192594+00:00" hostname="agent-env-5667b65a-3043-49e4-9618-627e0c39bacf"><testcase classname="backend.tests.test_websocket_p1.TestExistingAPIsRegression" name="test_health_endpoint" time="0.191" /><testcase classname="backend.tests.test_websocket_p1.TestExistingAPIsRegression" name="test_auth_login_success" time="0.769" /><testcase classname="backend.tests.test_websocket_p1.TestExistingAPIsRegression" name="test_auth_pin_login" time="0.379" /><testcase classname="backend.tests.test_websocket_p1.TestExistingAPIsRegression" name="test_boards_list" time="0.122" /><testcase classname="backend.tests.test_websocket_p1.TestExistingAPIsRegression" name="test_system_info" time="0.108"><failure message="AssertionError: assert 'uptime' in {'backups': {'count': 30}, 'data_dir': '/app/data', 'database': {'path': '/app/data/db.sqlite', 'size_mb': 0.09}, 'disk': {'free_gb': 6.69, 'total_gb': 9.75, 'usage_percent': 31.2, 'used_gb': 3.04}, ...}">backend/tests/test_websocket_p1.py:112: in test_system_info
    assert "uptime" in data
E   AssertionError: assert 'uptime' in {'backups': {'count': 30}, 'data_dir': '/app/data', 'database': {'path': '/app/data/db.sqlite', 'size_mb': 0.09}, 'disk': {'free_gb': 6.69, 'total_gb': 9.75, 'usage_percent': 31.2, 'used_gb': 3.04}, ...}</failure></testcase><testcase classname="backend.tests.test_websocket_p1.TestWebSocketConnection" name="test_websocket_connects" time="0.220"><failure message="Failed: WebSocket connection failed: 'ClientConnection' object has no attribute 'open'">backend/tests/test_websocket_p1.py:129: in test_websocket_connects
    assert ws.open
           ^^^^^^^
E   AttributeError: 'ClientConnection' object has no attribute 'open'

During handling of the above exception, another exception occurred:
backend/tests/test_websocket_p1.py:132: in test_websocket_connects
    pytest.fail(f"WebSocket connection failed: {e}")
E   Failed: WebSocket connection failed: 'ClientConnection' object has no attribute 'open'</failure></testcase><testcase classname="backend.tests.test_websocket_p1.TestWebSocketConnection" name="test_websocket_stays_open" time="2.185"><failure message="Failed: WebSocket connection dropped: 'ClientConnection' object has no attribute 'open'">backend/tests/test_websocket_p1.py:140: in test_websocket_stays_open
    assert ws.open
           ^^^^^^^
E   AttributeError: 'ClientConnection' object has no attribute 'open'

During handling of the above exception, another exception occurred:
backend/tests/test_websocket_p1.py:143: in test_websocket_stays_open
    pytest.fail(f"WebSocket connection dropped: {e}")
E   Failed: WebSocket connection dropped: 'ClientConnection' object has no attribute 'open'</failure></testcase><testcase classname="backend.tests.test_websocket_p1.TestWebSocketBroadcasts" name="test_broadcast_on_unlock" time="0.569" /><testcase classname="backend.tests.test_websocket_p1.TestWebSocketBroadcasts" name="test_broadcast_on_lock" time="0.658" /><testcase classname="backend.tests.test_websocket_p1.TestWebSocketBroadcasts" name="test_broadcast_on_extend" time="0.759" /><testcase classname="backend.tests.test_websocket_p1.TestWebSocketBroadcasts" name="test_broadcast_on_start_game" time="0.693" /><testcase classname="backend.tests.test_websocket_p1.TestWebSocketBroadcasts" name="test_broadcast_on_end_game" time="0.811" /><testcase classname="backend.tests.test_websocket_p1.TestAutodartsReport" name="test_soak_report_exists" time="0.000" /><testcase classname="backend.tests.test_websocket_p1.TestAutodartsReport" name="test_soak_report_has_200_cycles" time="0.000" /><testcase classname="backend.tests.test_websocket_p1.TestAutodartsReport" name="test_soak_report_100_percent_success" time="0.000" /><testcase classname="backend.tests.test_websocket_p1.TestAutodartsReport" name="test_soak_report_all_modes_tested" time="0.000" /><testcase classname="backend.tests.test_websocket_p1.TestAutodartsReport" name="test_soak_report_acceptance_criteria" time="0.000" /><testcase classname="backend.tests.test_websocket_p1.TestKioskAPI" name="test_kiosk_session_endpoint" time="0.112" /><testcase classname="backend.tests.test_websocket_p1.TestKioskAPI" name="test_kiosk_call_staff" time="0.106" /></testsuite></testsuites>