<?xml version="1.0" encoding="utf-8"?><testsuites name="pytest tests"><testsuite name="pytest" errors="0" failures="0" skipped="0" tests="14" time="2.322" timestamp="2026-03-09T09:38:07.051629+00:00" hostname="agent-env-2f1a6cd4-e139-47af-a572-33a313b5e45f"><testcase classname="backend.tests.test_p0_pwa_kiosk.TestPWAConfig" name="test_get_pwa_config" time="0.128" /><testcase classname="backend.tests.test_p0_pwa_kiosk.TestPWAConfig" name="test_update_pwa_config_requires_auth" time="0.106" /><testcase classname="backend.tests.test_p0_pwa_kiosk.TestPWAConfig" name="test_update_pwa_config" time="0.696" /><testcase classname="backend.tests.test_p0_pwa_kiosk.TestKioskTexts" name="test_get_kiosk_texts" time="0.099" /><testcase classname="backend.tests.test_p0_pwa_kiosk.TestKioskTexts" name="test_update_kiosk_texts_requires_auth" time="0.094" /><testcase classname="backend.tests.test_p0_pwa_kiosk.TestKioskTexts" name="test_update_kiosk_texts" time="0.316" /><testcase classname="backend.tests.test_p0_pwa_kiosk.TestNoEmergentBranding" name="test_no_emergent_in_html" time="0.100" /><testcase classname="backend.tests.test_p0_pwa_kiosk.TestNoEmergentBranding" name="test_page_title_is_darts_kiosk" time="0.102" /><testcase classname="backend.tests.test_p0_pwa_kiosk.TestPWAAssets" name="test_manifest_exists" time="0.103" /><testcase classname="backend.tests.test_p0_pwa_kiosk.TestPWAAssets" name="test_pwa_icon_192" time="0.100" /><testcase classname="backend.tests.test_p0_pwa_kiosk.TestPWAAssets" name="test_pwa_icon_512" time="0.106" /><testcase classname="backend.tests.test_p0_pwa_kiosk.TestPWAAssets" name="test_apple_touch_icon_meta" time="0.107" /><testcase classname="backend.tests.test_p0_pwa_kiosk.TestPWAAssets" name="test_theme_color_meta" time="0.100" /><testcase classname="backend.tests.test_p0_pwa_kiosk.TestBrandingAPI" name="test_get_branding" time="0.099" /></testsuite></testsuites>