<?xml version="1.0" encoding="utf-8"?><testsuites name="pytest tests"><testsuite name="pytest" errors="0" failures="0" skipped="0" tests="7" time="7.977" timestamp="2026-03-09T13:39:45.197552+00:00" hostname="agent-env-2f1a6cd4-e139-47af-a572-33a313b5e45f"><testcase classname="backend.tests.test_observer_windows_fix.TestObserverSessionEndpoint" name="test_session_endpoint_returns_observer_fields_when_locked" time="0.177" /><testcase classname="backend.tests.test_observer_windows_fix.TestObserverUnlockFlow" name="test_unlock_triggers_observer_start" time="2.975" /><testcase classname="backend.tests.test_observer_windows_fix.TestObserverUnlockFlow" name="test_observer_error_is_concise" time="3.935" /><testcase classname="backend.tests.test_observer_windows_fix.TestBoardLock" name="test_lock_board_returns_to_locked_state" time="0.704" /><testcase classname="backend.tests.test_observer_windows_fix.TestWindowsLauncherFiles" name="test_run_backend_py_exists" time="0.000" /><testcase classname="backend.tests.test_observer_windows_fix.TestWindowsLauncherFiles" name="test_run_backend_bat_uses_python_launcher" time="0.000" /><testcase classname="backend.tests.test_observer_windows_fix.TestObserverStatusEndpoint" name="test_observer_status_returns_fields" time="0.120" /></testsuite></testsuites>