<?xml version="1.0" encoding="utf-8"?><testsuites name="pytest tests"><testsuite name="pytest" errors="0" failures="0" skipped="0" tests="9" time="7.233" timestamp="2026-03-09T12:14:03.249566+00:00" hostname="agent-env-2f1a6cd4-e139-47af-a572-33a313b5e45f"><testcase classname="backend.tests.test_snooze_notification.TestSnoozeEndpoint" name="test_snooze_sets_snoozed_version_and_snooze_until" time="1.114" /><testcase classname="backend.tests.test_snooze_notification.TestSnoozeEndpoint" name="test_snooze_requires_auth" time="0.569" /><testcase classname="backend.tests.test_snooze_notification.TestSnoozeEndpoint" name="test_snooze_with_different_hours" time="0.796" /><testcase classname="backend.tests.test_snooze_notification.TestDismissEndpoint" name="test_dismiss_sets_dismissed_version" time="0.755" /><testcase classname="backend.tests.test_snooze_notification.TestNotificationFields" name="test_notification_returns_snooze_fields" time="0.711" /><testcase classname="backend.tests.test_snooze_notification.TestBannerVisibilityWithSnooze" name="test_banner_hidden_when_snoozed_matches_and_not_expired" time="0.732" /><testcase classname="backend.tests.test_snooze_notification.TestBannerVisibilityWithSnooze" name="test_banner_shown_when_snoozed_version_differs" time="0.772" /><testcase classname="backend.tests.test_snooze_notification.TestBannerVisibilityWithSnooze" name="test_banner_shown_when_dismissed_version_differs_no_snooze" time="0.768" /><testcase classname="backend.tests.test_snooze_notification.TestSnoozePersistence" name="test_snooze_survives_api_call" time="0.904" /></testsuite></testsuites>