<?xml version="1.0" encoding="utf-8"?><testsuites name="pytest tests"><testsuite name="pytest" errors="0" failures="0" skipped="0" tests="14" time="4.214" timestamp="2026-03-09T16:27:04.279487+00:00" hostname="agent-env-2f1a6cd4-e139-47af-a572-33a313b5e45f"><testcase classname="backend.tests.test_iteration25_debounce.TestHealthAndBasicAPI" name="test_health_endpoint" time="0.154" /><testcase classname="backend.tests.test_iteration25_debounce.TestHealthAndBasicAPI" name="test_admin_login" time="0.360" /><testcase classname="backend.tests.test_iteration25_debounce.TestDebounceCodeConstants" name="test_debounce_constants_exist" time="0.001" /><testcase classname="backend.tests.test_iteration25_debounce.TestDebounceCodeConstants" name="test_debounce_logic_in_observe_loop" time="0.000" /><testcase classname="backend.tests.test_iteration25_debounce.TestDebounceCodeConstants" name="test_immediate_entry_no_debounce" time="0.000" /><testcase classname="backend.tests.test_iteration25_debounce.TestDebounceCodeConstants" name="test_exit_requires_consecutive_polls" time="0.000" /><testcase classname="backend.tests.test_iteration25_debounce.TestDebounceUnitTests" name="test_run_debounce_unit_tests" time="0.232" /><testcase classname="backend.tests.test_iteration25_debounce.TestDebounceLifecycle" name="test_unlock_board_with_credits" time="0.796" /><testcase classname="backend.tests.test_iteration25_debounce.TestDebounceLifecycle" name="test_simulate_game_start_consumes_credit" time="0.494" /><testcase classname="backend.tests.test_iteration25_debounce.TestDebounceLifecycle" name="test_simulate_game_end_finished" time="0.163" /><testcase classname="backend.tests.test_iteration25_debounce.TestDebounceLifecycle" name="test_simulate_game_abort" time="0.255" /><testcase classname="backend.tests.test_iteration25_debounce.TestFullDebounceLifecycle" name="test_full_lifecycle_with_credits" time="1.302" /><testcase classname="backend.tests.test_iteration25_debounce.TestOverlayEndpoint" name="test_overlay_visible_false_when_locked" time="0.249" /><testcase classname="backend.tests.test_iteration25_debounce.TestObserverStatus" name="test_observer_status_endpoint" time="0.128" /></testsuite></testsuites>