<?xml version="1.0" encoding="utf-8"?><testsuites name="pytest tests"><testsuite name="pytest" errors="0" failures="2" skipped="0" tests="20" time="3.928" timestamp="2026-03-04T10:11:00.761672+00:00" hostname="agent-env-5667b65a-3043-49e4-9618-627e0c39bacf"><testcase classname="tests.test_p2_stats_leaderboard.TestHealthAndAuth" name="test_health_endpoint" time="0.262" /><testcase classname="tests.test_p2_stats_leaderboard.TestHealthAndAuth" name="test_auth_login" time="0.347" /><testcase classname="tests.test_p2_stats_leaderboard.TestLeaderboardEndpoint" name="test_leaderboard_default" time="0.106" /><testcase classname="tests.test_p2_stats_leaderboard.TestLeaderboardEndpoint" name="test_leaderboard_today" time="0.108" /><testcase classname="tests.test_p2_stats_leaderboard.TestLeaderboardEndpoint" name="test_leaderboard_week" time="0.104" /><testcase classname="tests.test_p2_stats_leaderboard.TestLeaderboardEndpoint" name="test_leaderboard_month" time="0.100" /><testcase classname="tests.test_p2_stats_leaderboard.TestLeaderboardEndpoint" name="test_leaderboard_sort_by_win_rate" time="0.106" /><testcase classname="tests.test_p2_stats_leaderboard.TestLeaderboardEndpoint" name="test_leaderboard_sort_by_games_played" time="0.139" /><testcase classname="tests.test_p2_stats_leaderboard.TestLeaderboardEndpoint" name="test_leaderboard_player_stats_structure" time="0.102" /><testcase classname="tests.test_p2_stats_leaderboard.TestPlayerStatsEndpoint" name="test_player_stats_max" time="0.108" /><testcase classname="tests.test_p2_stats_leaderboard.TestPlayerStatsEndpoint" name="test_player_stats_case_insensitive" time="0.105" /><testcase classname="tests.test_p2_stats_leaderboard.TestPlayerStatsEndpoint" name="test_player_stats_nonexistent" time="0.103" /><testcase classname="tests.test_p2_stats_leaderboard.TestTopTodayEndpoint" name="test_top_today_default" time="0.106" /><testcase classname="tests.test_p2_stats_leaderboard.TestTopTodayEndpoint" name="test_top_today_custom_limit" time="0.114" /><testcase classname="tests.test_p2_stats_leaderboard.TestEndGameWithStats" name="test_end_game_with_winner_and_scores" time="0.740" /><testcase classname="tests.test_p2_stats_leaderboard.TestEndGameWithStats" name="test_end_game_without_body" time="0.721" /><testcase classname="tests.test_p2_stats_leaderboard.TestExistingFeatures" name="test_health_endpoint" time="0.123" /><testcase classname="tests.test_p2_stats_leaderboard.TestExistingFeatures" name="test_system_info" time="0.117"><failure message="assert 401 == 200&#10; +  where 401 = &lt;Response [401]&gt;.status_code">tests/test_p2_stats_leaderboard.py:340: in test_system_info
    assert response.status_code == 200
E   assert 401 == 200
E    +  where 401 = &lt;Response [401]&gt;.status_code</failure></testcase><testcase classname="tests.test_p2_stats_leaderboard.TestExistingFeatures" name="test_discovery_agents" time="0.109"><failure message="assert 401 == 200&#10; +  where 401 = &lt;Response [401]&gt;.status_code">tests/test_p2_stats_leaderboard.py:348: in test_discovery_agents
    assert response.status_code == 200
E   assert 401 == 200
E    +  where 401 = &lt;Response [401]&gt;.status_code</failure></testcase><testcase classname="tests.test_p2_stats_leaderboard.TestExistingFeatures" name="test_websocket_endpoint_exists" time="0.000" /></testsuite></testsuites>