<?xml version="1.0" encoding="utf-8"?><testsuites name="pytest tests"><testsuite name="pytest" errors="0" failures="0" skipped="0" tests="10" time="8.097" timestamp="2026-03-09T12:54:00.674643+00:00" hostname="agent-env-2f1a6cd4-e139-47af-a572-33a313b5e45f"><testcase classname="backend.tests.test_observer_kiosk_flow.TestObserverKioskFlow" name="test_01_session_endpoint_returns_autodarts_mode" time="0.793" /><testcase classname="backend.tests.test_observer_kiosk_flow.TestObserverKioskFlow" name="test_02_unlock_board_creates_session" time="0.778" /><testcase classname="backend.tests.test_observer_kiosk_flow.TestObserverKioskFlow" name="test_03_session_shows_unlocked_after_unlock" time="0.806" /><testcase classname="backend.tests.test_observer_kiosk_flow.TestObserverKioskFlow" name="test_04_observer_status_endpoint" time="0.796" /><testcase classname="backend.tests.test_observer_kiosk_flow.TestObserverKioskFlow" name="test_05_end_game_with_credits_remaining" time="0.838" /><testcase classname="backend.tests.test_observer_kiosk_flow.TestObserverKioskFlow" name="test_06_lock_board_endpoint" time="0.925" /><testcase classname="backend.tests.test_observer_kiosk_flow.TestObserverKioskFlow" name="test_07_session_null_when_locked" time="0.697" /><testcase classname="backend.tests.test_observer_kiosk_flow.TestObserverKioskFlow" name="test_08_per_time_pricing_mode" time="0.679" /><testcase classname="backend.tests.test_observer_kiosk_flow.TestObserverStatusDetails" name="test_observer_status_includes_pricing_mode" time="0.822" /><testcase classname="backend.tests.test_observer_kiosk_flow.TestObserverStatusDetails" name="test_observer_status_includes_session_expires_at" time="0.848" /></testsuite></testsuites>