<?xml version="1.0" encoding="utf-8"?><testsuites name="pytest tests"><testsuite name="pytest" errors="0" failures="0" skipped="0" tests="17" time="3.359" timestamp="2026-03-09T14:46:17.900199+00:00" hostname="agent-env-2f1a6cd4-e139-47af-a572-33a313b5e45f"><testcase classname="backend.tests.test_iteration22_runtime_fixes.TestHealthEndpoint" name="test_health_returns_healthy" time="0.201" /><testcase classname="backend.tests.test_iteration22_runtime_fixes.TestBoardSession" name="test_board_session_returns_observer_fields" time="0.061" /><testcase classname="backend.tests.test_iteration22_runtime_fixes.TestUnlockAndObserver" name="test_unlock_creates_session_and_starts_observer" time="0.442" /><testcase classname="backend.tests.test_iteration22_runtime_fixes.TestUnlockAndObserver" name="test_observer_error_on_linux_is_expected" time="2.056" /><testcase classname="backend.tests.test_iteration22_runtime_fixes.TestKioskOverlay" name="test_overlay_returns_visible_when_unlocked" time="0.056" /><testcase classname="backend.tests.test_iteration22_runtime_fixes.TestGameSimulation" name="test_simulate_game_start_decrements_credits" time="0.192" /><testcase classname="backend.tests.test_iteration22_runtime_fixes.TestGameSimulation" name="test_simulate_game_end_handles_correctly" time="0.076" /><testcase classname="backend.tests.test_iteration22_runtime_fixes.TestLock" name="test_lock_closes_session_and_resets_observer" time="0.121" /><testcase classname="backend.tests.test_iteration22_runtime_fixes.TestLock" name="test_overlay_not_visible_when_locked" time="0.069" /><testcase classname="backend.tests.test_iteration22_runtime_fixes.TestCodeVerification" name="test_autodarts_observer_uses_ignore_default_args" time="0.000" /><testcase classname="backend.tests.test_iteration22_runtime_fixes.TestCodeVerification" name="test_autodarts_observer_imports_hide_kiosk_window" time="0.000" /><testcase classname="backend.tests.test_iteration22_runtime_fixes.TestCodeVerification" name="test_autodarts_observer_imports_restore_kiosk_window" time="0.000" /><testcase classname="backend.tests.test_iteration22_runtime_fixes.TestCodeVerification" name="test_window_manager_exists_with_required_functions" time="0.000" /><testcase classname="backend.tests.test_iteration22_runtime_fixes.TestReleasePackage" name="test_windows_package_contains_window_manager" time="0.000" /><testcase classname="backend.tests.test_iteration22_runtime_fixes.TestReleasePackage" name="test_windows_package_contains_autodarts_observer" time="0.000" /><testcase classname="backend.tests.test_iteration22_runtime_fixes.TestReleasePackage" name="test_windows_package_contains_credits_overlay" time="0.000" /><testcase classname="backend.tests.test_iteration22_runtime_fixes.TestReleasePackage" name="test_windows_zip_exists" time="0.001" /></testsuite></testsuites>