<?xml version="1.0" encoding="utf-8"?><testsuites name="pytest tests"><testsuite name="pytest" errors="0" failures="0" skipped="0" tests="14" time="9.299" timestamp="2026-03-09T08:47:59.717787+00:00" hostname="agent-env-2f1a6cd4-e139-47af-a572-33a313b5e45f"><testcase classname="backend.tests.test_observer_mvp_update.TestMatchSharingSettings" name="test_get_match_sharing_default" time="0.450" /><testcase classname="backend.tests.test_observer_mvp_update.TestMatchSharingSettings" name="test_put_match_sharing_enable" time="0.444" /><testcase classname="backend.tests.test_observer_mvp_update.TestMatchSharingSettings" name="test_put_match_sharing_disable" time="0.435" /><testcase classname="backend.tests.test_observer_mvp_update.TestMatchSharingSettings" name="test_put_match_sharing_requires_auth" time="0.426" /><testcase classname="backend.tests.test_observer_mvp_update.TestObserverStatus" name="test_get_observer_status" time="0.429" /><testcase classname="backend.tests.test_observer_mvp_update.TestObserverStatus" name="test_get_all_observer_statuses" time="0.423" /><testcase classname="backend.tests.test_observer_mvp_update.TestCreditsOverlay" name="test_overlay_no_session" time="0.550" /><testcase classname="backend.tests.test_observer_mvp_update.TestCreditsOverlay" name="test_overlay_with_session" time="0.803" /><testcase classname="backend.tests.test_observer_mvp_update.TestCreditsOverlay" name="test_overlay_nonexistent_board" time="0.426" /><testcase classname="backend.tests.test_observer_mvp_update.TestEndGameMatchToken" name="test_end_game_qr_disabled_no_token" time="0.882" /><testcase classname="backend.tests.test_observer_mvp_update.TestEndGameMatchToken" name="test_end_game_qr_enabled_returns_token" time="1.015" /><testcase classname="backend.tests.test_observer_mvp_update.TestBoardUnlockLockObserver" name="test_unlock_creates_session_and_may_start_observer" time="0.778" /><testcase classname="backend.tests.test_observer_mvp_update.TestBoardUnlockLockObserver" name="test_lock_closes_observer" time="1.300" /><testcase classname="backend.tests.test_observer_mvp_update.TestBoardUnlockLockObserver" name="test_board_status_after_operations" time="0.856" /></testsuite></testsuites>