<?xml version="1.0" encoding="utf-8"?><testsuites name="pytest tests"><testsuite name="pytest" errors="0" failures="0" skipped="0" tests="17" time="4.525" timestamp="2026-03-04T11:03:04.913827+00:00" hostname="agent-env-472b08f5-0b66-4395-b9cd-e4ab3c2c3483"><testcase classname="backend.tests.test_kiosk_sound.TestSoundConfig" name="test_get_sound_config_default" time="0.206" /><testcase classname="backend.tests.test_kiosk_sound.TestSoundConfig" name="test_update_sound_config_requires_auth" time="0.106" /><testcase classname="backend.tests.test_kiosk_sound.TestSoundConfig" name="test_update_sound_config_enable" time="0.863" /><testcase classname="backend.tests.test_kiosk_sound.TestSoundConfig" name="test_update_sound_config_all_fields" time="0.485" /><testcase classname="backend.tests.test_kiosk_sound.TestSoundPacks" name="test_get_sound_packs" time="0.106" /><testcase classname="backend.tests.test_kiosk_sound.TestSoundFiles" name="test_get_sound_file[start]" time="0.118" /><testcase classname="backend.tests.test_kiosk_sound.TestSoundFiles" name="test_get_sound_file[one_eighty]" time="0.107" /><testcase classname="backend.tests.test_kiosk_sound.TestSoundFiles" name="test_get_sound_file[checkout]" time="0.106" /><testcase classname="backend.tests.test_kiosk_sound.TestSoundFiles" name="test_get_sound_file[bust]" time="0.105" /><testcase classname="backend.tests.test_kiosk_sound.TestSoundFiles" name="test_get_sound_file[win]" time="0.109" /><testcase classname="backend.tests.test_kiosk_sound.TestSoundFiles" name="test_sound_file_cache_headers" time="0.100" /><testcase classname="backend.tests.test_kiosk_sound.TestSoundFiles" name="test_invalid_sound_event_returns_404" time="0.110" /><testcase classname="backend.tests.test_kiosk_sound.TestSoundFiles" name="test_sound_file_size_reasonable" time="0.536" /><testcase classname="backend.tests.test_kiosk_sound.TestSoundFiles" name="test_sound_file_is_valid_wav" time="0.106" /><testcase classname="backend.tests.test_kiosk_sound.TestSoundFiles" name="test_all_sounds_duration_valid" time="0.588" /><testcase classname="backend.tests.test_kiosk_sound.TestSoundTrigger" name="test_trigger_sound_event" time="0.567" /><testcase classname="backend.tests.test_kiosk_sound.TestSoundTrigger" name="test_trigger_invalid_sound_event" time="0.120" /></testsuite></testsuites>