<?xml version="1.0" encoding="utf-8"?><testsuites name="pytest tests"><testsuite name="pytest" errors="0" failures="0" skipped="0" tests="19" time="4.866" timestamp="2026-03-09T10:21:25.383016+00:00" hostname="agent-env-2f1a6cd4-e139-47af-a572-33a313b5e45f"><testcase classname="backend.tests.test_credits_overlay.TestOverlayBasicState" name="test_overlay_locked_board_not_visible" time="0.570" /><testcase classname="backend.tests.test_credits_overlay.TestOverlayBasicState" name="test_unlock_board_with_credits" time="0.296" /><testcase classname="backend.tests.test_credits_overlay.TestSimulateGameCycle" name="test_setup_fresh_session" time="0.389" /><testcase classname="backend.tests.test_credits_overlay.TestSimulateGameCycle" name="test_simulate_game_start_decrements_credit" time="0.224" /><testcase classname="backend.tests.test_credits_overlay.TestSimulateGameCycle" name="test_simulate_game_end_unlocks_board" time="0.213" /><testcase classname="backend.tests.test_credits_overlay.TestSimulateGameCycle" name="test_second_game_cycle" time="0.367" /><testcase classname="backend.tests.test_credits_overlay.TestSimulateGameCycle" name="test_third_game_start_triggers_last_game" time="0.220" /><testcase classname="backend.tests.test_credits_overlay.TestSimulateGameCycle" name="test_last_game_end_locks_board" time="0.754" /><testcase classname="backend.tests.test_credits_overlay.TestOverlayConfigToggle" name="test_setup_unlocked_board" time="0.113" /><testcase classname="backend.tests.test_credits_overlay.TestOverlayConfigToggle" name="test_overlay_visible_when_enabled" time="0.223" /><testcase classname="backend.tests.test_credits_overlay.TestOverlayConfigToggle" name="test_disable_overlay_hides_even_when_unlocked" time="0.220" /><testcase classname="backend.tests.test_credits_overlay.TestOverlayConfigToggle" name="test_reenable_overlay" time="0.211" /><testcase classname="backend.tests.test_credits_overlay.TestOverlayEndpointAuth" name="test_overlay_get_no_auth_required" time="0.110" /><testcase classname="backend.tests.test_credits_overlay.TestOverlayEndpointAuth" name="test_simulate_start_requires_auth" time="0.100" /><testcase classname="backend.tests.test_credits_overlay.TestOverlayEndpointAuth" name="test_simulate_end_requires_auth" time="0.099" /><testcase classname="backend.tests.test_credits_overlay.TestOverlayEndpointAuth" name="test_overlay_settings_requires_auth" time="0.109" /><testcase classname="backend.tests.test_credits_overlay.TestOverlayDataFields" name="test_overlay_response_structure" time="0.210" /><testcase classname="backend.tests.test_credits_overlay.TestCleanup" name="test_cleanup_enable_overlay" time="0.120" /><testcase classname="backend.tests.test_credits_overlay.TestCleanup" name="test_cleanup_unlock_board" time="0.244" /></testsuite></testsuites>